20151102_134556    XRManager :: SystemInit()
20151102_134556    XRDB Init
20151102_134556    In Material Init
20151102_134556    In PartLib Init
20151102_134556    Vendor Tree was created
20151102_134556    In Mapping Init
20151102_134556    SOIC-10_Generic
20151102_134556    2100-0010
20151102_134556    6200-0024
20151102_134556    4100-0006
20151102_134556    6200-0004
20151102_134556    1200-0003
20151102_134556    2500-0171
20151102_134556    2100-0131
20151102_134556    6200-0025
20151102_134556    2500-0161
20151102_134556    2100-0011
20151102_134556    2100-0001
20151102_134556    4100-0007
20151102_134556    6400-0004
20151102_134556    6200-0064
20151102_134556    2500-0010
20151102_134556    2100-0151
20151102_134556    6200-0005
20151102_134556    1200-0002
20151102_134556    2200-0001
20151102_134556    2100-0130
20151102_134556    2500-0202
20151102_134556    6200-0074
20151102_134556    2100-0141
20151102_134556    2100-0012
20151102_134556    6200-0026
20151102_134556    6000-0006
20151102_134556    2500-0153
20151102_134556    4100-0027
20151102_134556    6200-0015
20151102_134556    2500-0160
20151102_134556    2100-0120
20151102_134556    6200-0044
20151102_134556    2100-0002
20151102_134556    4100-0004
20151102_134556    2500-0110
20151102_134556    2500-0011
20151102_134556    6200-0065
20151102_134556    2100-0150
20151102_134556    2500-0020
20151102_134556    2100-0060
20151102_134556    6200-0006
20151102_134556    1200-0001
20151102_134556    2200-0002
20151102_134556    4100-0034
20151102_134556    2500-0173
20151102_134556    2100-0133
20151102_134556    2500-0203
20151102_134556    6200-0075
20151102_134556    2500-0001
20151102_134556    2100-0140
20151102_134556    4100-0015
20151102_134556    6200-0027
20151102_134556    6200-0016
20151102_134556    2300-0002
20151102_134556    2100-0123
20151102_134556    6200-0045
20151102_134556    2100-0003
20151102_134556    4100-0005
20151102_134556    2500-0210
20151102_134556    2500-0012
20151102_134556    6200-0066
20151102_134556    2500-0021
20151102_134556    6200-0084
20151102_134556    6200-0007
20151102_134556    2100-0033
20151102_134556    2300-0013
20151102_134556    2500-0200
20151102_134556    6200-0076
20151102_134556    2500-0002
20151102_134556    2100-0143
20151102_134556    6200-0020
20151102_134556    2100-0115
20151102_134556    2500-0155
20151102_134556    4100-0025
20151102_134556    6200-0017
20151102_134556    2100-0122
20151102_134556    6200-0046
20151102_134556    2500-0032
20151102_134556    2500-0191
20151102_134556    2100-0004
20151102_134556    6200-0067
20151102_134556    2500-0013
20151102_134556    2100-0152
20151102_134556    6200-0056
20151102_134556    6200-0085
20151102_134556    2500-0181
20151102_134556    1200-0007
20151102_134556    2300-0014
20151102_134556    2100-0135
20151102_134556    2500-0201
20151102_134556    6200-0077
20151102_134556    2500-0003
20151102_134556    2100-0015
20151102_134556    6200-0021
20151102_134556    6000-0001
20151102_134556    2100-0114
20151102_134556    2500-0154
20151102_134556    2100-0125
20151102_134556    2100-0005
20151102_134556    4100-0003
20151102_134556    2500-0014
20151102_134556    2100-0054
20151102_134556    6200-0057
20151102_134556    6200-0086
20151102_134556    2500-0180
20151102_134556    6200-0001
20151102_134556    4100-0033
20151102_134556    2300-0015
20151102_134556    2500-0174
20151102_134556    2500-0206
20151102_134556    2500-0004
20151102_134556    2100-0145
20151102_134556    4100-0010
20151102_134556    6000-0002
20151102_134556    2100-0117
20151102_134556    2500-0157
20151102_134556    6200-0011
20151102_134556    2100-0124
20151102_134556    2500-0193
20151102_134556    2100-0006
20151102_134556    6400-0001
20151102_134556    2500-0015
20151102_134556    6200-0087
20151102_134556    6200-0002
20151102_134556    1200-0005
20151102_134556    4100-0030
20151102_134556    2500-0177
20151102_134556    2500-0207
20151102_134556    6200-0071
20151102_134556    2500-0005
20151102_134556    2100-0045
20151102_134556    6500-0001
20151102_134556    4100-0011
20151102_134556    6200-0023
20151102_134556    6000-0003
20151102_134556    2100-0116
20151102_134556    2100-0127
20151102_134556    2100-0007
20151102_134556    6400-0002
20151102_134556    6200-0080
20151102_134556    2500-0016
20151102_134556    2100-0056
20151102_134556    6200-0003
20151102_134556    1200-0004
20151102_134556    2100-0037
20151102_134556    4200-0001
20151102_134556    2500-0204
20151102_134556    2500-0006
20151102_134556    2500-0176
20151102_134556    2100-0147
20151102_134556    6500-0002
20151102_134556    2100-0018
20151102_134556    2100-0119
20151102_134556    6200-0013
20151102_134556    2500-0166
20151102_134556    2100-0126
20151102_134556    2100-0008
20151102_134556    4400-0001
20151102_134556    6400-0003
20151102_134556    2500-0017
20151102_134556    2500-0026
20151102_134556    6200-0081
20151102_134556    2500-0185
20151102_134556    2500-0205
20151102_134556    2500-0007
20151102_134556    2500-0179
20151102_134556    2100-0146
20151102_134556    2100-0047
20151102_134556    6500-0003
20151102_134556    2100-0139
20151102_134556    2100-0118
20151102_134556    2500-0158
20151102_134556    2100-0129
20151102_134556    2100-0009
20151102_134556    2500-0018
20151102_134556    6200-0082
20151102_134556    2500-0085
20151102_134556    2500-0008
20151102_134556    2100-0149
20151102_134556    2100-0138
20151102_134556    2500-0168
20151102_134556    2100-0128
20151102_134556    2500-0019
20151102_134556    6200-0083
20151102_134556    2500-0086
20151102_134556    2500-0187
20151102_134556    2500-0009
20151102_134556    2100-0148
20151102_134556    2100-0049
20151102_134556    2500-0087
20151102_134556    1200-0008
20151102_134556    6200-0028
20151102_134556    6000-0008
20151102_134556    2500-0199
20151102_134556    6200-0008
20151102_134556    6200-0029
20151102_134556    6000-0009
20151102_134556    6200-0018
20151102_134556    6200-0068
20151102_134556    2500-0188
20151102_134556    6200-0078
20151102_134556    6200-0019
20151102_134556    4100-0008
20151102_134556    6200-0058
20151102_134556    4100-0028
20151102_134556    4100-0009
20151102_134556    XRDB Init : Initializing Completed
20151102_134556    XRManager :: NewProject()
20151102_134556    in XRProject::XRProject
20151102_134556    in XRProject :: WriteXDJ()
20151102_135436    XRManager :: ~XRManager() - end
