
Illegal Trace Geometry ( Conductor with negative or zero width ):

Units = Mils
Number of Ground Planes = 1

DIELECTRICS
Number  Thickness     Constant
        (Thd)         (Er)
1        6.000000      4.400000     
2        2.400000      3.700000     

TRACES
Number  Top Width     Bottom Width  Thickness     Dist from Gnd Dist from Cond
        (Twt)         (Bwt)         (Th)          (Dg)          (Dc)
1        0.000000      0.000000      1.400000      6.000000      0.000000     


Illegal Trace Geometry ( Conductor with negative or zero width ):

Units = Mils
Number of Ground Planes = 1

DIELECTRICS
Number  Thickness     Constant
        (Thd)         (Er)
1        6.000000      4.400000     
2        2.400000      3.700000     

TRACES
Number  Top Width     Bottom Width  Thickness     Dist from Gnd Dist from Cond
        (Twt)         (Bwt)         (Th)          (Dg)          (Dc)
1        0.000000      0.000000      1.400000      6.000000      0.000000     


Illegal Trace Geometry ( Conductor with negative or zero width ):

Units = Mils
Number of Ground Planes = 1

DIELECTRICS
Number  Thickness     Constant
        (Thd)         (Er)
1        6.000000      4.400000     
2        2.400000      3.700000     

TRACES
Number  Top Width     Bottom Width  Thickness     Dist from Gnd Dist from Cond
        (Twt)         (Bwt)         (Th)          (Dg)          (Dc)
1        0.000000      0.000000      1.400000      6.000000      0.000000     


Illegal Trace Geometry ( Conductor with negative or zero width ):

Units = Mils
Number of Ground Planes = 1

DIELECTRICS
Number  Thickness     Constant
        (Thd)         (Er)
1        6.000000      4.400000     
2        2.400000      3.700000     

TRACES
Number  Top Width     Bottom Width  Thickness     Dist from Gnd Dist from Cond
        (Twt)         (Bwt)         (Th)          (Dg)          (Dc)
1        0.000000      0.000000      1.400000      6.000000      0.000000     


Illegal Trace Geometry ( Conductor with negative or zero width ):

Units = Mils
Number of Ground Planes = 1

DIELECTRICS
Number  Thickness     Constant
        (Thd)         (Er)
1        6.000000      4.400000     
2        2.400000      3.700000     

TRACES
Number  Top Width     Bottom Width  Thickness     Dist from Gnd Dist from Cond
        (Twt)         (Bwt)         (Th)          (Dg)          (Dc)
1        0.000000      0.000000      1.400000      6.000000      0.000000     


Illegal Trace Geometry ( Conductor with negative or zero width ):

Units = Mils
Number of Ground Planes = 1

DIELECTRICS
Number  Thickness     Constant
        (Thd)         (Er)
1        6.000000      4.400000     
2        2.400000      3.700000     

TRACES
Number  Top Width     Bottom Width  Thickness     Dist from Gnd Dist from Cond
        (Twt)         (Bwt)         (Th)          (Dg)          (Dc)
1        0.000000      0.000000      1.400000      6.000000      0.000000     


Illegal Trace Geometry ( Conductor with negative or zero width ):

Units = Mils
Number of Ground Planes = 1

DIELECTRICS
Number  Thickness     Constant
        (Thd)         (Er)
1        6.000000      4.400000     
2        2.400000      3.700000     

TRACES
Number  Top Width     Bottom Width  Thickness     Dist from Gnd Dist from Cond
        (Twt)         (Bwt)         (Th)          (Dg)          (Dc)
1        0.000000      0.000000      1.400000      6.000000      0.000000     


Illegal Trace Geometry ( Conductor with negative or zero width ):

Units = Mils
Number of Ground Planes = 1

DIELECTRICS
Number  Thickness     Constant
        (Thd)         (Er)
1        6.000000      4.400000     
2        2.400000      3.700000     

TRACES
Number  Top Width     Bottom Width  Thickness     Dist from Gnd Dist from Cond
        (Twt)         (Bwt)         (Th)          (Dg)          (Dc)
1        0.000000      0.000000      1.400000      6.000000      0.000000     


Illegal Trace Geometry ( Conductor with negative or zero width ):

Units = Mils
Number of Ground Planes = 1

DIELECTRICS
Number  Thickness     Constant
        (Thd)         (Er)
1        6.000000      4.400000     
2        2.400000      3.700000     

TRACES
Number  Top Width     Bottom Width  Thickness     Dist from Gnd Dist from Cond
        (Twt)         (Bwt)         (Th)          (Dg)          (Dc)
1        0.000000      0.000000      1.400000      6.000000      0.000000     


Illegal Trace Geometry ( Conductor with negative or zero width ):

Units = Mils
Number of Ground Planes = 1

DIELECTRICS
Number  Thickness     Constant
        (Thd)         (Er)
1        6.000000      4.400000     
2        2.400000      3.700000     

TRACES
Number  Top Width     Bottom Width  Thickness     Dist from Gnd Dist from Cond
        (Twt)         (Bwt)         (Th)          (Dg)          (Dc)
1        0.000000      0.000000      1.400000      6.000000      0.000000     


Illegal Trace Geometry ( Conductor with negative or zero width ):

Units = Mils
Number of Ground Planes = 1

DIELECTRICS
Number  Thickness     Constant
        (Thd)         (Er)
1        6.000000      4.400000     
2        2.400000      3.700000     

TRACES
Number  Top Width     Bottom Width  Thickness     Dist from Gnd Dist from Cond
        (Twt)         (Bwt)         (Th)          (Dg)          (Dc)
1        0.000000      0.000000      1.400000      6.000000      0.000000     


Illegal Trace Geometry ( Conductor with negative or zero width ):

Units = Mils
Number of Ground Planes = 1

DIELECTRICS
Number  Thickness     Constant
        (Thd)         (Er)
1        6.000000      4.400000     
2        2.400000      3.700000     

TRACES
Number  Top Width     Bottom Width  Thickness     Dist from Gnd Dist from Cond
        (Twt)         (Bwt)         (Th)          (Dg)          (Dc)
1        0.000000      0.000000      1.400000      6.000000      0.000000     


Illegal Trace Geometry ( Conductor with negative or zero width ):

Units = Mils
Number of Ground Planes = 1

DIELECTRICS
Number  Thickness     Constant
        (Thd)         (Er)
1        6.000000      4.400000     
2        2.400000      3.700000     

TRACES
Number  Top Width     Bottom Width  Thickness     Dist from Gnd Dist from Cond
        (Twt)         (Bwt)         (Th)          (Dg)          (Dc)
1        0.000000      0.000000      1.400000      6.000000      0.000000     


Illegal Trace Geometry ( Conductor with negative or zero width ):

Units = Mils
Number of Ground Planes = 1

DIELECTRICS
Number  Thickness     Constant
        (Thd)         (Er)
1        6.000000      4.400000     
2        2.400000      3.700000     

TRACES
Number  Top Width     Bottom Width  Thickness     Dist from Gnd Dist from Cond
        (Twt)         (Bwt)         (Th)          (Dg)          (Dc)
1        0.000000      0.000000      1.400000      6.000000      0.000000     


Illegal Trace Geometry ( Conductor with negative or zero width ):

Units = Mils
Number of Ground Planes = 1

DIELECTRICS
Number  Thickness     Constant
        (Thd)         (Er)
1        6.000000      4.400000     
2        2.400000      3.700000     

TRACES
Number  Top Width     Bottom Width  Thickness     Dist from Gnd Dist from Cond
        (Twt)         (Bwt)         (Th)          (Dg)          (Dc)
1        0.000000      0.000000      1.400000      6.000000      0.000000     


Illegal Trace Geometry ( Conductor with negative or zero width ):

Units = Mils
Number of Ground Planes = 1

DIELECTRICS
Number  Thickness     Constant
        (Thd)         (Er)
1        6.000000      4.400000     
2        2.400000      3.700000     

TRACES
Number  Top Width     Bottom Width  Thickness     Dist from Gnd Dist from Cond
        (Twt)         (Bwt)         (Th)          (Dg)          (Dc)
1        0.000000      0.000000      1.400000      6.000000      0.000000     


Illegal Trace Geometry ( Conductor with negative or zero width ):

Units = Mils
Number of Ground Planes = 1

DIELECTRICS
Number  Thickness     Constant
        (Thd)         (Er)
1        6.000000      4.400000     
2        2.400000      3.700000     

TRACES
Number  Top Width     Bottom Width  Thickness     Dist from Gnd Dist from Cond
        (Twt)         (Bwt)         (Th)          (Dg)          (Dc)
1        0.000000      0.000000      1.400000      6.000000      0.000000     

