CES Expedition Interface Log
----------------------------------

Tue Oct 12 15:08:19 2010

Note: Exporting data to Expedition database T:\CBEX_X100\PCB\Work\Layout_Temp\\
Note: File PinPkgLengths.txt loaded successfully.
Note: Expedition export completed successfully.
Tue Oct 12 15:35:12 2010

Note: Exporting data to Expedition database T:\CBEX_X100\PCB\Work\Layout_Temp\\
Note: File PinPkgLengths.txt loaded successfully.
Note: Expedition export completed successfully.
Note: Exporting data to Expedition database T:\CBEX_X100\PCB\Work\Layout_Temp\\
Note: File PinPkgLengths.txt loaded successfully.
Note: Expedition export completed successfully.
Wed Oct 13 08:26:58 2010

Note: Exporting data to Expedition database T:\CBEX_X100\PCB\Work\Layout_Temp\\
Note: File PinPkgLengths.txt loaded successfully.
Note: Expedition export completed successfully.
Note: Exporting data to Expedition database T:\CBEX_X100\PCB\Work\Layout_Temp\\
Note: File PinPkgLengths.txt loaded successfully.
Note: Expedition export completed successfully.
Wed Dec 22 15:02:12 2010

Note: Exporting data to Expedition database T:\CBEX_X100\PCB\Work\Layout_Temp\\
Note: File PinPkgLengths.txt loaded successfully.
Note: Expedition export completed successfully.
Mon Aug 15 08:36:32 2011

Note: Exporting data to Expedition database T:\GEHCIC_F100_X004\PCB\Work\Layout_Temp\\
Note: File PinPkgLengths.txt loaded successfully.
Note: Expedition export completed successfully.
Note: Exporting data to Expedition database T:\GEHCIC_F100_X004\PCB\Work\Layout_Temp\\
Note: File PinPkgLengths.txt loaded successfully.
Note: Expedition export completed successfully.
Mon Aug 15 10:10:11 2011

Note: Exporting data to Expedition database T:\GEHCIC_F100_X004\PCB\Work\Layout_Temp\\
Note: File PinPkgLengths.txt loaded successfully.
Note: Expedition export completed successfully.
Note: Exporting data to Expedition database T:\GEHCIC_F100_X004\PCB\Work\Layout_Temp\\
Note: File PinPkgLengths.txt loaded successfully.
Note: Expedition export completed successfully.
Wed Oct 05 13:42:35 2011

Note: Exporting data to Expedition database T:\UASC_SVP\UASC_SVP_X100\PCB\Work\Layout_Temp\\
Note: File PinPkgLengths.txt loaded successfully.
Note: Expedition export completed successfully.
Mon May 14 10:06:44 2012

Note: Exporting data to Expedition database T:\RISER_F100_X002\pcb\Work\Layout_Temp\\
Note: Expedition export completed successfully.
