Tue Oct 12 14:43:22 2010

Note: EnetGenAdapter::Init(T:\CBEX_X100\PCB\Work\Layout_Temp\\)
Note: EnetGenAdapter::PreSave(T:\CBEX_X100\PCB\Work\Layout_Temp\\)
Note: EnetGenAdapter::PostSave(1, T:\CBEX_X100\PCB\Work\Layout_Temp\\)
Note:   Data IS NOT modified.
Note: EnetGenAdapter::PostSave(1, T:\CBEX_X100\PCB\Work\Layout_Temp\\)
Note:   Data IS NOT modified.
Tue Oct 12 15:33:02 2010

Note: EnetGenAdapter::Init(T:\CBEX_X100\PCB\Work\Layout_Temp\\)
Note: EnetGenAdapter::PreSave(T:\CBEX_X100\PCB\Work\Layout_Temp\\)
Note: EnetGenAdapter::PostSave(1, T:\CBEX_X100\PCB\Work\Layout_Temp\\)
Note:   Data IS NOT modified.
Note: EnetGenAdapter::PostSave(1, T:\CBEX_X100\PCB\Work\Layout_Temp\\)
Note:   Data IS NOT modified.
Note: EnetGenAdapter::PreSave(T:\CBEX_X100\PCB\Work\Layout_Temp\\)
Note: EnetGenAdapter::PostSave(1, T:\CBEX_X100\PCB\Work\Layout_Temp\\)
Note:   Data IS NOT modified.
Wed Oct 13 08:11:58 2010

Note: EnetGenAdapter::Init(T:\CBEX_X100\PCB\Work\Layout_Temp\\)
Wed Oct 13 08:24:12 2010

Note: EnetGenAdapter::Init(T:\CBEX_X100\PCB\Work\Layout_Temp\\)
Note: EnetGenAdapter::PreSave(T:\CBEX_X100\PCB\Work\Layout_Temp\\)
Note: EnetGenAdapter::PostSave(1, T:\CBEX_X100\PCB\Work\Layout_Temp\\)
Note:   Data IS NOT modified.
Note: EnetGenAdapter::PostSave(1, T:\CBEX_X100\PCB\Work\Layout_Temp\\)
Note:   Data IS NOT modified.
Note: EnetGenAdapter::PreSave(T:\CBEX_X100\PCB\Work\Layout_Temp\\)
Note: EnetGenAdapter::PostSave(1, T:\CBEX_X100\PCB\Work\Layout_Temp\\)
Note:   Data IS NOT modified.
Note: EnetGenAdapter::PostSave(1, T:\CBEX_X100\PCB\Work\Layout_Temp\\)
Note:   Data IS NOT modified.
Wed Dec 22 14:22:36 2010

Note: EnetGenAdapter::Init(T:\CBEX_X100\PCB\Work\Layout_Temp\\)
Wed Dec 22 14:59:05 2010

Note: EnetGenAdapter::Init(T:\CBEX_X100\PCB\Work\Layout_Temp\\)
Note: EnetGenAdapter::PreSave(T:\CBEX_X100\PCB\Work\Layout_Temp\\)
Note: EnetGenAdapter::PostSave(1, T:\CBEX_X100\PCB\Work\Layout_Temp\\)
Note:   Data IS NOT modified.
Note: EnetGenAdapter::PostSave(1, T:\CBEX_X100\PCB\Work\Layout_Temp\\)
Note:   Data IS NOT modified.
Wed Dec 22 15:03:29 2010

Note: EnetGenAdapter::Init(T:\CBEX_X100\PCB\Work\Layout_Temp\\)
Wed Jan 19 12:03:48 2011

Note: EnetGenAdapter::Init(T:\CBEX_X100\PCB\Work\Layout_Temp\\)
Fri May 20 13:35:56 2011

Note: EnetGenAdapter::Init(T:\BAL_TCPCB_X009\PCB\Work\Layout_Temp\\)
Sat Aug 13 08:04:04 2011

Note: EnetGenAdapter::Init(T:\GEHCIC_F100_X004\PCB\Work\Layout_Temp\\)
Mon Aug 15 08:25:12 2011

Note: EnetGenAdapter::Init(T:\GEHCIC_F100_X004\PCB\Work\Layout_Temp\\)
Note: EnetGenAdapter::PreSave(T:\GEHCIC_F100_X004\PCB\Work\Layout_Temp\\)
Note: EnetGenAdapter::PostSave(1, T:\GEHCIC_F100_X004\PCB\Work\Layout_Temp\\)
Note:   Data IS NOT modified.
Note: EnetGenAdapter::PostSave(1, T:\GEHCIC_F100_X004\PCB\Work\Layout_Temp\\)
Note:   Data IS NOT modified.
Note: EnetGenAdapter::PreSave(T:\GEHCIC_F100_X004\PCB\Work\Layout_Temp\\)
Note: EnetGenAdapter::PostSave(1, T:\GEHCIC_F100_X004\PCB\Work\Layout_Temp\\)
Note:   Data IS NOT modified.
Note: EnetGenAdapter::PostSave(1, T:\GEHCIC_F100_X004\PCB\Work\Layout_Temp\\)
Note:   Data IS NOT modified.
Mon Aug 15 08:43:00 2011

Note: EnetGenAdapter::Init(T:\GEHCIC_F100_X004\PCB\Work\Layout_Temp\\)
Mon Aug 15 09:49:43 2011

Note: EnetGenAdapter::Init(T:\GEHCIC_F100_X004\PCB\Work\Layout_Temp\\)
Mon Aug 15 09:52:36 2011

Note: EnetGenAdapter::Init(T:\GEHCIC_F100_X004\PCB\Work\Layout_Temp\\)
Mon Aug 15 09:54:52 2011

Note: EnetGenAdapter::Init(T:\GEHCIC_F100_X004\PCB\Work\Layout_Temp\\)
Note: EnetGenAdapter::PreSave(T:\GEHCIC_F100_X004\PCB\Work\Layout_Temp\\)
Note: EnetGenAdapter::PostSave(1, T:\GEHCIC_F100_X004\PCB\Work\Layout_Temp\\)
Note:   Data IS NOT modified.
Note: EnetGenAdapter::PostSave(1, T:\GEHCIC_F100_X004\PCB\Work\Layout_Temp\\)
Note:   Data IS NOT modified.
Note: EnetGenAdapter::PreSave(T:\GEHCIC_F100_X004\PCB\Work\Layout_Temp\\)
Note: EnetGenAdapter::PostSave(1, T:\GEHCIC_F100_X004\PCB\Work\Layout_Temp\\)
Note:   Data IS NOT modified.
Note: EnetGenAdapter::PostSave(1, T:\GEHCIC_F100_X004\PCB\Work\Layout_Temp\\)
Note:   Data IS NOT modified.
Mon Aug 15 10:11:46 2011

Note: EnetGenAdapter::Init(T:\GEHCIC_F100_X004\PCB\Work\Layout_Temp\\)
Wed Oct 05 13:40:15 2011

Note: EnetGenAdapter::Init(T:\UASC_SVP\UASC_SVP_X100\PCB\Work\Layout_Temp\\)
Note: EnetGenAdapter::PreSave(T:\UASC_SVP\UASC_SVP_X100\PCB\Work\Layout_Temp\\)
Note: EnetGenAdapter::PostSave(1, T:\UASC_SVP\UASC_SVP_X100\PCB\Work\Layout_Temp\\)
Note:   Data IS NOT modified.
Mon May 14 10:06:05 2012

Note: EnetGenAdapter::Init(T:\RISER_F100_X002\pcb\Work\Layout_Temp\\)
Note: EnetGenAdapter::PreSave(T:\RISER_F100_X002\pcb\Work\Layout_Temp\\)
Note: EnetGenAdapter::PostSave(1, T:\RISER_F100_X002\pcb\Work\Layout_Temp\\)
Note:   Data IS NOT modified.
Note: EnetGenAdapter::PostSave(1, T:\RISER_F100_X002\pcb\Work\Layout_Temp\\)
Note:   Data IS NOT modified.
