
Illegal Trace Geometry ( Conductor with negative or zero width ):

Units = Mils
Number of Ground Planes = 2

DIELECTRICS
Number  Thickness     Constant
        (Thd)         (Er)
1        18.37598      4.500000     
2        6.000000      4.400000     
3        4.792992      4.500000     

TRACES
Number  Top Width     Bottom Width  Thickness     Dist from Gnd Dist from Cond
        (Twt)         (Bwt)         (Th)          (Dg)          (Dc)
1        0.000000      0.000000      672.992m      4.120000      0.000000     


Illegal Trace Geometry ( Conductor with negative or zero width ):

Units = Mils
Number of Ground Planes = 2

DIELECTRICS
Number  Thickness     Constant
        (Thd)         (Er)
1        18.37598      4.500000     
2        6.000000      4.400000     
3        4.792992      4.500000     

TRACES
Number  Top Width     Bottom Width  Thickness     Dist from Gnd Dist from Cond
        (Twt)         (Bwt)         (Th)          (Dg)          (Dc)
1        0.000000      0.000000      672.992m      4.120000      0.000000     


Illegal Trace Geometry ( Conductor with negative or zero width ):

Units = Mils
Number of Ground Planes = 2

DIELECTRICS
Number  Thickness     Constant
        (Thd)         (Er)
1        18.37598      4.500000     
2        6.000000      4.400000     
3        4.792992      4.500000     

TRACES
Number  Top Width     Bottom Width  Thickness     Dist from Gnd Dist from Cond
        (Twt)         (Bwt)         (Th)          (Dg)          (Dc)
1        0.000000      0.000000      672.992m      4.120000      0.000000     


Illegal Trace Geometry ( Conductor with negative or zero width ):

Units = Mils
Number of Ground Planes = 2

DIELECTRICS
Number  Thickness     Constant
        (Thd)         (Er)
1        18.37598      4.500000     
2        6.000000      4.400000     
3        4.792992      4.500000     

TRACES
Number  Top Width     Bottom Width  Thickness     Dist from Gnd Dist from Cond
        (Twt)         (Bwt)         (Th)          (Dg)          (Dc)
1        0.000000      0.000000      672.992m      4.120000      0.000000     


Illegal Trace Geometry ( Conductor with negative or zero width ):

Units = Mils
Number of Ground Planes = 2

DIELECTRICS
Number  Thickness     Constant
        (Thd)         (Er)
1        16.97598      4.500000     
2        8.072992      4.400000     
3        4.120000      4.500000     

TRACES
Number  Top Width     Bottom Width  Thickness     Dist from Gnd Dist from Cond
        (Twt)         (Bwt)         (Th)          (Dg)          (Dc)
1        0.000000      0.000000      672.992m      4.120000      0.000000     


Illegal Trace Geometry ( Conductor with negative or zero width ):

Units = Mils
Number of Ground Planes = 2

DIELECTRICS
Number  Thickness     Constant
        (Thd)         (Er)
1        16.97598      4.500000     
2        8.072992      4.400000     
3        4.120000      4.500000     

TRACES
Number  Top Width     Bottom Width  Thickness     Dist from Gnd Dist from Cond
        (Twt)         (Bwt)         (Th)          (Dg)          (Dc)
1        0.000000      0.000000      672.992m      4.120000      0.000000     


Illegal Trace Geometry ( Conductor with negative or zero width ):

Units = Mils
Number of Ground Planes = 2

DIELECTRICS
Number  Thickness     Constant
        (Thd)         (Er)
1        16.97598      4.500000     
2        8.072992      4.400000     
3        4.120000      4.500000     

TRACES
Number  Top Width     Bottom Width  Thickness     Dist from Gnd Dist from Cond
        (Twt)         (Bwt)         (Th)          (Dg)          (Dc)
1        0.000000      0.000000      672.992m      4.120000      0.000000     


Illegal Trace Geometry ( Conductor with negative or zero width ):

Units = Mils
Number of Ground Planes = 2

DIELECTRICS
Number  Thickness     Constant
        (Thd)         (Er)
1        16.97598      4.500000     
2        8.072992      4.400000     
3        4.120000      4.500000     

TRACES
Number  Top Width     Bottom Width  Thickness     Dist from Gnd Dist from Cond
        (Twt)         (Bwt)         (Th)          (Dg)          (Dc)
1        0.000000      0.000000      672.992m      4.120000      0.000000     

